[2025-02-09T05:14:06.549+0000] {local_task_job_runner.py:120} INFO - ::group::Pre task execution logs
[2025-02-09T05:14:06.574+0000] {taskinstance.py:2073} INFO - Dependencies all met for dep_context=non-requeueable deps ti=<TaskInstance: etl_MusicStreamPipeline.MusicStream_load_songplays manual__2025-02-09T05:13:57.781247+00:00 [queued]>
[2025-02-09T05:14:06.681+0000] {taskinstance.py:2073} INFO - Dependencies all met for dep_context=requeueable deps ti=<TaskInstance: etl_MusicStreamPipeline.MusicStream_load_songplays manual__2025-02-09T05:13:57.781247+00:00 [queued]>
[2025-02-09T05:14:06.682+0000] {taskinstance.py:2303} INFO - Starting attempt 1 of 1
[2025-02-09T05:14:06.697+0000] {taskinstance.py:2327} INFO - Executing <Task(PythonOperator): MusicStream_load_songplays> on 2025-02-09 05:13:57.781247+00:00
[2025-02-09T05:14:06.704+0000] {logging_mixin.py:188} WARNING - /home/***/.local/lib/python3.12/site-packages/***/task/task_runner/standard_task_runner.py:61 DeprecationWarning: This process (pid=1506) is multi-threaded, use of fork() may lead to deadlocks in the child.
[2025-02-09T05:14:06.706+0000] {standard_task_runner.py:63} INFO - Started process 1510 to run task
[2025-02-09T05:14:06.704+0000] {standard_task_runner.py:90} INFO - Running: ['***', 'tasks', 'run', 'etl_MusicStreamPipeline', 'MusicStream_load_songplays', 'manual__2025-02-09T05:13:57.781247+00:00', '--job-id', '417', '--raw', '--subdir', 'DAGS_FOLDER/etl_dag.py', '--cfg-path', '/tmp/tmpgzgjh1dh']
[2025-02-09T05:14:06.707+0000] {standard_task_runner.py:91} INFO - Job 417: Subtask MusicStream_load_songplays
[2025-02-09T05:14:06.744+0000] {task_command.py:426} INFO - Running <TaskInstance: etl_MusicStreamPipeline.MusicStream_load_songplays manual__2025-02-09T05:13:57.781247+00:00 [running]> on host e5529003cf96
[2025-02-09T05:14:06.814+0000] {taskinstance.py:2644} INFO - Exporting env vars: AIRFLOW_CTX_DAG_OWNER='Le Huynh Thanh Duong' AIRFLOW_CTX_DAG_ID='etl_MusicStreamPipeline' AIRFLOW_CTX_TASK_ID='MusicStream_load_songplays' AIRFLOW_CTX_EXECUTION_DATE='2025-02-09T05:13:57.781247+00:00' AIRFLOW_CTX_TRY_NUMBER='1' AIRFLOW_CTX_DAG_RUN_ID='manual__2025-02-09T05:13:57.781247+00:00'
[2025-02-09T05:14:06.815+0000] {taskinstance.py:430} INFO - ::endgroup::
[2025-02-09T05:14:06.887+0000] {taskinstance.py:441} INFO - ::group::Post task execution logs
[2025-02-09T05:14:06.888+0000] {taskinstance.py:2890} ERROR - Task failed with exception
Traceback (most recent call last):
  File "/home/airflow/.local/lib/python3.12/site-packages/airflow/models/taskinstance.py", line 465, in _execute_task
    result = _execute_callable(context=context, **execute_callable_kwargs)
             ^^^^^^^^^^^^^^^^^^^^^^^^^^^^^^^^^^^^^^^^^^^^^^^^^^^^^^^^^^^^^
  File "/home/airflow/.local/lib/python3.12/site-packages/airflow/models/taskinstance.py", line 432, in _execute_callable
    return execute_callable(context=context, **execute_callable_kwargs)
           ^^^^^^^^^^^^^^^^^^^^^^^^^^^^^^^^^^^^^^^^^^^^^^^^^^^^^^^^^^^^
  File "/home/airflow/.local/lib/python3.12/site-packages/airflow/models/baseoperator.py", line 400, in wrapper
    return func(self, *args, **kwargs)
           ^^^^^^^^^^^^^^^^^^^^^^^^^^^
  File "/home/airflow/.local/lib/python3.12/site-packages/airflow/operators/python.py", line 235, in execute
    return_value = self.execute_callable()
                   ^^^^^^^^^^^^^^^^^^^^^^^
  File "/home/airflow/.local/lib/python3.12/site-packages/airflow/operators/python.py", line 252, in execute_callable
    return self.python_callable(*self.op_args, **self.op_kwargs)
           ^^^^^^^^^^^^^^^^^^^^^^^^^^^^^^^^^^^^^^^^^^^^^^^^^^^^^
  File "/opt/airflow/etls/load.py", line 73, in load_fact_songplays
    song_key, artist_key = None
    ^^^^^^^^^^^^^^^^^^^^
TypeError: cannot unpack non-iterable NoneType object
[2025-02-09T05:14:06.896+0000] {taskinstance.py:1205} INFO - Marking task as FAILED. dag_id=etl_MusicStreamPipeline, task_id=MusicStream_load_songplays, execution_date=20250209T051357, start_date=20250209T051406, end_date=20250209T051406
[2025-02-09T05:14:06.905+0000] {standard_task_runner.py:110} ERROR - Failed to execute job 417 for task MusicStream_load_songplays (cannot unpack non-iterable NoneType object; 1510)
[2025-02-09T05:14:06.921+0000] {local_task_job_runner.py:240} INFO - Task exited with return code 1
[2025-02-09T05:14:06.932+0000] {taskinstance.py:3482} INFO - 0 downstream tasks scheduled from follow-on schedule check
[2025-02-09T05:14:06.934+0000] {local_task_job_runner.py:222} INFO - ::endgroup::
