[2025-02-08T13:28:16.160+0000] {local_task_job_runner.py:120} INFO - ::group::Pre task execution logs
[2025-02-08T13:28:16.189+0000] {taskinstance.py:2073} INFO - Dependencies all met for dep_context=non-requeueable deps ti=<TaskInstance: etl_MusicStreamPipeline.MusicStream_load_artist manual__2025-02-08T13:28:12.919966+00:00 [queued]>
[2025-02-08T13:28:16.345+0000] {taskinstance.py:2073} INFO - Dependencies all met for dep_context=requeueable deps ti=<TaskInstance: etl_MusicStreamPipeline.MusicStream_load_artist manual__2025-02-08T13:28:12.919966+00:00 [queued]>
[2025-02-08T13:28:16.346+0000] {taskinstance.py:2303} INFO - Starting attempt 1 of 1
[2025-02-08T13:28:16.359+0000] {taskinstance.py:2327} INFO - Executing <Task(PythonOperator): MusicStream_load_artist> on 2025-02-08 13:28:12.919966+00:00
[2025-02-08T13:28:16.367+0000] {logging_mixin.py:188} WARNING - /home/***/.local/lib/python3.12/site-packages/***/task/task_runner/standard_task_runner.py:61 DeprecationWarning: This process (pid=1289) is multi-threaded, use of fork() may lead to deadlocks in the child.
[2025-02-08T13:28:16.368+0000] {standard_task_runner.py:63} INFO - Started process 1294 to run task
[2025-02-08T13:28:16.367+0000] {standard_task_runner.py:90} INFO - Running: ['***', 'tasks', 'run', 'etl_MusicStreamPipeline', 'MusicStream_load_artist', 'manual__2025-02-08T13:28:12.919966+00:00', '--job-id', '254', '--raw', '--subdir', 'DAGS_FOLDER/etl_dag.py', '--cfg-path', '/tmp/tmpe691ngx4']
[2025-02-08T13:28:16.370+0000] {standard_task_runner.py:91} INFO - Job 254: Subtask MusicStream_load_artist
[2025-02-08T13:28:16.415+0000] {task_command.py:426} INFO - Running <TaskInstance: etl_MusicStreamPipeline.MusicStream_load_artist manual__2025-02-08T13:28:12.919966+00:00 [running]> on host 35ef1ca6714b
[2025-02-08T13:28:16.506+0000] {taskinstance.py:2644} INFO - Exporting env vars: AIRFLOW_CTX_DAG_OWNER='Le Huynh Thanh Duong' AIRFLOW_CTX_DAG_ID='etl_MusicStreamPipeline' AIRFLOW_CTX_TASK_ID='MusicStream_load_artist' AIRFLOW_CTX_EXECUTION_DATE='2025-02-08T13:28:12.919966+00:00' AIRFLOW_CTX_TRY_NUMBER='1' AIRFLOW_CTX_DAG_RUN_ID='manual__2025-02-08T13:28:12.919966+00:00'
[2025-02-08T13:28:16.507+0000] {taskinstance.py:430} INFO - ::endgroup::
[2025-02-08T13:28:16.572+0000] {taskinstance.py:441} INFO - ::group::Post task execution logs
[2025-02-08T13:28:16.573+0000] {taskinstance.py:2890} ERROR - Task failed with exception
Traceback (most recent call last):
  File "/home/airflow/.local/lib/python3.12/site-packages/airflow/models/taskinstance.py", line 465, in _execute_task
    result = _execute_callable(context=context, **execute_callable_kwargs)
             ^^^^^^^^^^^^^^^^^^^^^^^^^^^^^^^^^^^^^^^^^^^^^^^^^^^^^^^^^^^^^
  File "/home/airflow/.local/lib/python3.12/site-packages/airflow/models/taskinstance.py", line 432, in _execute_callable
    return execute_callable(context=context, **execute_callable_kwargs)
           ^^^^^^^^^^^^^^^^^^^^^^^^^^^^^^^^^^^^^^^^^^^^^^^^^^^^^^^^^^^^
  File "/home/airflow/.local/lib/python3.12/site-packages/airflow/models/baseoperator.py", line 400, in wrapper
    return func(self, *args, **kwargs)
           ^^^^^^^^^^^^^^^^^^^^^^^^^^^
  File "/home/airflow/.local/lib/python3.12/site-packages/airflow/operators/python.py", line 235, in execute
    return_value = self.execute_callable()
                   ^^^^^^^^^^^^^^^^^^^^^^^
  File "/home/airflow/.local/lib/python3.12/site-packages/airflow/operators/python.py", line 252, in execute_callable
    return self.python_callable(*self.op_args, **self.op_kwargs)
           ^^^^^^^^^^^^^^^^^^^^^^^^^^^^^^^^^^^^^^^^^^^^^^^^^^^^^
  File "/opt/airflow/etls/load.py", line 38, in load_dim_artists
    cur.execute(artist_table_insert, (row.artist_id, row.artist_name, row.artist_location, row.artist_longitude, row.artist_latitude))
ValueError: unsupported format character ',' (0x2c) at index 93
[2025-02-08T13:28:16.584+0000] {taskinstance.py:1205} INFO - Marking task as FAILED. dag_id=etl_MusicStreamPipeline, task_id=MusicStream_load_artist, execution_date=20250208T132812, start_date=20250208T132816, end_date=20250208T132816
[2025-02-08T13:28:16.595+0000] {standard_task_runner.py:110} ERROR - Failed to execute job 254 for task MusicStream_load_artist (unsupported format character ',' (0x2c) at index 93; 1294)
[2025-02-08T13:28:16.623+0000] {local_task_job_runner.py:240} INFO - Task exited with return code 1
[2025-02-08T13:28:16.638+0000] {taskinstance.py:3482} INFO - 0 downstream tasks scheduled from follow-on schedule check
[2025-02-08T13:28:16.640+0000] {local_task_job_runner.py:222} INFO - ::endgroup::
