[2025-02-09T12:06:13.962+0000] {local_task_job_runner.py:120} INFO - ::group::Pre task execution logs
[2025-02-09T12:06:13.985+0000] {taskinstance.py:2073} INFO - Dependencies all met for dep_context=non-requeueable deps ti=<TaskInstance: etl_MusicStreamPipeline.MusicStream_extraction_log_data manual__2025-02-09T12:06:10.469167+00:00 [queued]>
[2025-02-09T12:06:14.592+0000] {taskinstance.py:2073} INFO - Dependencies all met for dep_context=requeueable deps ti=<TaskInstance: etl_MusicStreamPipeline.MusicStream_extraction_log_data manual__2025-02-09T12:06:10.469167+00:00 [queued]>
[2025-02-09T12:06:14.593+0000] {taskinstance.py:2303} INFO - Starting attempt 1 of 1
[2025-02-09T12:06:14.608+0000] {taskinstance.py:2327} INFO - Executing <Task(PythonOperator): MusicStream_extraction_log_data> on 2025-02-09 12:06:10.469167+00:00
[2025-02-09T12:06:14.616+0000] {standard_task_runner.py:90} INFO - Running: ['***', 'tasks', 'run', 'etl_MusicStreamPipeline', 'MusicStream_extraction_log_data', 'manual__2025-02-09T12:06:10.469167+00:00', '--job-id', '518', '--raw', '--subdir', 'DAGS_FOLDER/etl_dag.py', '--cfg-path', '/tmp/tmpukfcw3ga']
[2025-02-09T12:06:14.618+0000] {standard_task_runner.py:91} INFO - Job 518: Subtask MusicStream_extraction_log_data
[2025-02-09T12:06:14.621+0000] {logging_mixin.py:188} WARNING - /home/***/.local/lib/python3.12/site-packages/***/task/task_runner/standard_task_runner.py:61 DeprecationWarning: This process (pid=231) is multi-threaded, use of fork() may lead to deadlocks in the child.
[2025-02-09T12:06:14.622+0000] {standard_task_runner.py:63} INFO - Started process 239 to run task
[2025-02-09T12:06:14.667+0000] {task_command.py:426} INFO - Running <TaskInstance: etl_MusicStreamPipeline.MusicStream_extraction_log_data manual__2025-02-09T12:06:10.469167+00:00 [running]> on host e231ebee4370
[2025-02-09T12:06:14.731+0000] {taskinstance.py:2644} INFO - Exporting env vars: AIRFLOW_CTX_DAG_OWNER='Le Huynh Thanh Duong' AIRFLOW_CTX_DAG_ID='etl_MusicStreamPipeline' AIRFLOW_CTX_TASK_ID='MusicStream_extraction_log_data' AIRFLOW_CTX_EXECUTION_DATE='2025-02-09T12:06:10.469167+00:00' AIRFLOW_CTX_TRY_NUMBER='1' AIRFLOW_CTX_DAG_RUN_ID='manual__2025-02-09T12:06:10.469167+00:00'
[2025-02-09T12:06:14.731+0000] {taskinstance.py:430} INFO - ::endgroup::
[2025-02-09T12:06:15.230+0000] {taskinstance.py:441} INFO - ::group::Post task execution logs
[2025-02-09T12:06:15.231+0000] {taskinstance.py:2890} ERROR - Task failed with exception
Traceback (most recent call last):
  File "/home/airflow/.local/lib/python3.12/site-packages/airflow/models/taskinstance.py", line 465, in _execute_task
    result = _execute_callable(context=context, **execute_callable_kwargs)
             ^^^^^^^^^^^^^^^^^^^^^^^^^^^^^^^^^^^^^^^^^^^^^^^^^^^^^^^^^^^^^
  File "/home/airflow/.local/lib/python3.12/site-packages/airflow/models/taskinstance.py", line 432, in _execute_callable
    return execute_callable(context=context, **execute_callable_kwargs)
           ^^^^^^^^^^^^^^^^^^^^^^^^^^^^^^^^^^^^^^^^^^^^^^^^^^^^^^^^^^^^
  File "/home/airflow/.local/lib/python3.12/site-packages/airflow/models/baseoperator.py", line 400, in wrapper
    return func(self, *args, **kwargs)
           ^^^^^^^^^^^^^^^^^^^^^^^^^^^
  File "/home/airflow/.local/lib/python3.12/site-packages/airflow/operators/python.py", line 235, in execute
    return_value = self.execute_callable()
                   ^^^^^^^^^^^^^^^^^^^^^^^
  File "/home/airflow/.local/lib/python3.12/site-packages/airflow/operators/python.py", line 252, in execute_callable
    return self.python_callable(*self.op_args, **self.op_kwargs)
           ^^^^^^^^^^^^^^^^^^^^^^^^^^^^^^^^^^^^^^^^^^^^^^^^^^^^^
  File "/opt/airflow/etls/extract.py", line 47, in extract_data
    os.remove(path_csv)
FileNotFoundError: [Errno 2] No such file or directory: './data/processed/song_data.csv'
[2025-02-09T12:06:15.241+0000] {taskinstance.py:1205} INFO - Marking task as FAILED. dag_id=etl_MusicStreamPipeline, task_id=MusicStream_extraction_log_data, execution_date=20250209T120610, start_date=20250209T120613, end_date=20250209T120615
[2025-02-09T12:06:15.255+0000] {standard_task_runner.py:110} ERROR - Failed to execute job 518 for task MusicStream_extraction_log_data ([Errno 2] No such file or directory: './data/processed/song_data.csv'; 239)
[2025-02-09T12:06:15.277+0000] {local_task_job_runner.py:240} INFO - Task exited with return code 1
[2025-02-09T12:06:15.297+0000] {taskinstance.py:3482} INFO - 0 downstream tasks scheduled from follow-on schedule check
[2025-02-09T12:06:15.302+0000] {local_task_job_runner.py:222} INFO - ::endgroup::
