[2025-02-09T11:57:50.444+0000] {processor.py:161} INFO - Started process (PID=458) to work on /opt/airflow/dags/etl_dag copy.py
[2025-02-09T11:57:50.445+0000] {processor.py:830} INFO - Processing file /opt/airflow/dags/etl_dag copy.py for tasks to queue
[2025-02-09T11:57:50.446+0000] {logging_mixin.py:188} INFO - [2025-02-09T11:57:50.446+0000] {dagbag.py:540} INFO - Filling up the DagBag from /opt/airflow/dags/etl_dag copy.py
[2025-02-09T11:57:50.797+0000] {processor.py:840} INFO - DAG(s) 'etl_MusicStreamPipeline' retrieved from /opt/airflow/dags/etl_dag copy.py
[2025-02-09T11:57:50.897+0000] {logging_mixin.py:188} INFO - [2025-02-09T11:57:50.896+0000] {dag.py:3096} INFO - Sync 1 DAGs
[2025-02-09T11:57:50.910+0000] {logging_mixin.py:188} INFO - [2025-02-09T11:57:50.910+0000] {dag.py:3954} INFO - Setting next_dagrun for etl_MusicStreamPipeline to 2025-02-09 00:00:00+00:00, run_after=2025-02-10 00:00:00+00:00
[2025-02-09T11:57:50.929+0000] {processor.py:183} INFO - Processing /opt/airflow/dags/etl_dag copy.py took 0.489 seconds
[2025-02-09T11:58:21.176+0000] {processor.py:161} INFO - Started process (PID=470) to work on /opt/airflow/dags/etl_dag copy.py
[2025-02-09T11:58:21.177+0000] {processor.py:830} INFO - Processing file /opt/airflow/dags/etl_dag copy.py for tasks to queue
[2025-02-09T11:58:21.178+0000] {logging_mixin.py:188} INFO - [2025-02-09T11:58:21.178+0000] {dagbag.py:540} INFO - Filling up the DagBag from /opt/airflow/dags/etl_dag copy.py
[2025-02-09T11:58:21.519+0000] {processor.py:840} INFO - DAG(s) 'etl_MusicStreamPipeline' retrieved from /opt/airflow/dags/etl_dag copy.py
[2025-02-09T11:58:21.536+0000] {logging_mixin.py:188} INFO - [2025-02-09T11:58:21.536+0000] {dag.py:3096} INFO - Sync 1 DAGs
[2025-02-09T11:58:21.551+0000] {logging_mixin.py:188} INFO - [2025-02-09T11:58:21.551+0000] {dag.py:3954} INFO - Setting next_dagrun for etl_MusicStreamPipeline to 2025-02-09 00:00:00+00:00, run_after=2025-02-10 00:00:00+00:00
[2025-02-09T11:58:21.569+0000] {processor.py:183} INFO - Processing /opt/airflow/dags/etl_dag copy.py took 0.398 seconds
[2025-02-09T11:58:51.899+0000] {processor.py:161} INFO - Started process (PID=482) to work on /opt/airflow/dags/etl_dag copy.py
[2025-02-09T11:58:51.900+0000] {processor.py:830} INFO - Processing file /opt/airflow/dags/etl_dag copy.py for tasks to queue
[2025-02-09T11:58:51.902+0000] {logging_mixin.py:188} INFO - [2025-02-09T11:58:51.901+0000] {dagbag.py:540} INFO - Filling up the DagBag from /opt/airflow/dags/etl_dag copy.py
[2025-02-09T11:58:52.306+0000] {processor.py:840} INFO - DAG(s) 'etl_MusicStreamPipeline' retrieved from /opt/airflow/dags/etl_dag copy.py
[2025-02-09T11:58:52.314+0000] {logging_mixin.py:188} INFO - [2025-02-09T11:58:52.313+0000] {dag.py:3096} INFO - Sync 1 DAGs
[2025-02-09T11:58:52.330+0000] {logging_mixin.py:188} INFO - [2025-02-09T11:58:52.330+0000] {dag.py:3954} INFO - Setting next_dagrun for etl_MusicStreamPipeline to 2025-02-09 00:00:00+00:00, run_after=2025-02-10 00:00:00+00:00
[2025-02-09T11:58:52.349+0000] {processor.py:183} INFO - Processing /opt/airflow/dags/etl_dag copy.py took 0.454 seconds
[2025-02-09T11:59:22.553+0000] {processor.py:161} INFO - Started process (PID=494) to work on /opt/airflow/dags/etl_dag copy.py
[2025-02-09T11:59:22.554+0000] {processor.py:830} INFO - Processing file /opt/airflow/dags/etl_dag copy.py for tasks to queue
[2025-02-09T11:59:22.555+0000] {logging_mixin.py:188} INFO - [2025-02-09T11:59:22.555+0000] {dagbag.py:540} INFO - Filling up the DagBag from /opt/airflow/dags/etl_dag copy.py
[2025-02-09T11:59:22.899+0000] {processor.py:840} INFO - DAG(s) 'etl_MusicStreamPipeline' retrieved from /opt/airflow/dags/etl_dag copy.py
[2025-02-09T11:59:22.976+0000] {logging_mixin.py:188} INFO - [2025-02-09T11:59:22.976+0000] {dag.py:3096} INFO - Sync 1 DAGs
[2025-02-09T11:59:22.989+0000] {logging_mixin.py:188} INFO - [2025-02-09T11:59:22.989+0000] {dag.py:3954} INFO - Setting next_dagrun for etl_MusicStreamPipeline to 2025-02-09 00:00:00+00:00, run_after=2025-02-10 00:00:00+00:00
[2025-02-09T11:59:23.006+0000] {processor.py:183} INFO - Processing /opt/airflow/dags/etl_dag copy.py took 0.457 seconds
[2025-02-09T11:59:53.298+0000] {processor.py:161} INFO - Started process (PID=506) to work on /opt/airflow/dags/etl_dag copy.py
[2025-02-09T11:59:53.298+0000] {processor.py:830} INFO - Processing file /opt/airflow/dags/etl_dag copy.py for tasks to queue
[2025-02-09T11:59:53.300+0000] {logging_mixin.py:188} INFO - [2025-02-09T11:59:53.299+0000] {dagbag.py:540} INFO - Filling up the DagBag from /opt/airflow/dags/etl_dag copy.py
[2025-02-09T11:59:53.682+0000] {processor.py:840} INFO - DAG(s) 'etl_MusicStreamPipeline' retrieved from /opt/airflow/dags/etl_dag copy.py
[2025-02-09T11:59:53.700+0000] {logging_mixin.py:188} INFO - [2025-02-09T11:59:53.699+0000] {dag.py:3096} INFO - Sync 1 DAGs
[2025-02-09T11:59:53.715+0000] {logging_mixin.py:188} INFO - [2025-02-09T11:59:53.715+0000] {dag.py:3954} INFO - Setting next_dagrun for etl_MusicStreamPipeline to 2025-02-09 00:00:00+00:00, run_after=2025-02-10 00:00:00+00:00
[2025-02-09T11:59:53.731+0000] {processor.py:183} INFO - Processing /opt/airflow/dags/etl_dag copy.py took 0.438 seconds
[2025-02-09T12:00:20.035+0000] {processor.py:161} INFO - Started process (PID=518) to work on /opt/airflow/dags/etl_dag copy.py
[2025-02-09T12:00:20.036+0000] {processor.py:830} INFO - Processing file /opt/airflow/dags/etl_dag copy.py for tasks to queue
[2025-02-09T12:00:20.037+0000] {logging_mixin.py:188} INFO - [2025-02-09T12:00:20.037+0000] {dagbag.py:540} INFO - Filling up the DagBag from /opt/airflow/dags/etl_dag copy.py
[2025-02-09T12:00:20.069+0000] {logging_mixin.py:188} INFO - [2025-02-09T12:00:20.064+0000] {dagbag.py:350} ERROR - Failed to import: /opt/airflow/dags/etl_dag copy.py
Traceback (most recent call last):
  File "/home/airflow/.local/lib/python3.12/site-packages/airflow/models/dagbag.py", line 346, in parse
    loader.exec_module(new_module)
  File "<frozen importlib._bootstrap_external>", line 995, in exec_module
  File "<frozen importlib._bootstrap>", line 488, in _call_with_frames_removed
  File "/opt/airflow/dags/etl_dag copy.py", line 9, in <module>
    from database.db_utils import create_database
  File "/opt/airflow/database/db_utils.py", line 7, in <module>
    from sql_queries import create_table_queries, drop_table_queries
ModuleNotFoundError: No module named 'sql_queries'
[2025-02-09T12:00:20.070+0000] {processor.py:842} WARNING - No viable dags retrieved from /opt/airflow/dags/etl_dag copy.py
[2025-02-09T12:00:20.083+0000] {processor.py:183} INFO - Processing /opt/airflow/dags/etl_dag copy.py took 0.052 seconds
[2025-02-09T12:00:50.374+0000] {processor.py:161} INFO - Started process (PID=529) to work on /opt/airflow/dags/etl_dag copy.py
[2025-02-09T12:00:50.375+0000] {processor.py:830} INFO - Processing file /opt/airflow/dags/etl_dag copy.py for tasks to queue
[2025-02-09T12:00:50.377+0000] {logging_mixin.py:188} INFO - [2025-02-09T12:00:50.377+0000] {dagbag.py:540} INFO - Filling up the DagBag from /opt/airflow/dags/etl_dag copy.py
[2025-02-09T12:00:50.400+0000] {logging_mixin.py:188} INFO - [2025-02-09T12:00:50.395+0000] {dagbag.py:350} ERROR - Failed to import: /opt/airflow/dags/etl_dag copy.py
Traceback (most recent call last):
  File "/home/airflow/.local/lib/python3.12/site-packages/airflow/models/dagbag.py", line 346, in parse
    loader.exec_module(new_module)
  File "<frozen importlib._bootstrap_external>", line 995, in exec_module
  File "<frozen importlib._bootstrap>", line 488, in _call_with_frames_removed
  File "/opt/airflow/dags/etl_dag copy.py", line 9, in <module>
    from database.db_utils import create_database
  File "/opt/airflow/database/db_utils.py", line 7, in <module>
    from sql_queries import create_table_queries, drop_table_queries
ModuleNotFoundError: No module named 'sql_queries'
[2025-02-09T12:00:50.402+0000] {processor.py:842} WARNING - No viable dags retrieved from /opt/airflow/dags/etl_dag copy.py
[2025-02-09T12:00:50.421+0000] {processor.py:183} INFO - Processing /opt/airflow/dags/etl_dag copy.py took 0.052 seconds
[2025-02-09T12:01:20.694+0000] {processor.py:161} INFO - Started process (PID=540) to work on /opt/airflow/dags/etl_dag copy.py
[2025-02-09T12:01:20.694+0000] {processor.py:830} INFO - Processing file /opt/airflow/dags/etl_dag copy.py for tasks to queue
[2025-02-09T12:01:20.696+0000] {logging_mixin.py:188} INFO - [2025-02-09T12:01:20.696+0000] {dagbag.py:540} INFO - Filling up the DagBag from /opt/airflow/dags/etl_dag copy.py
[2025-02-09T12:01:20.716+0000] {logging_mixin.py:188} INFO - [2025-02-09T12:01:20.711+0000] {dagbag.py:350} ERROR - Failed to import: /opt/airflow/dags/etl_dag copy.py
Traceback (most recent call last):
  File "/home/airflow/.local/lib/python3.12/site-packages/airflow/models/dagbag.py", line 346, in parse
    loader.exec_module(new_module)
  File "<frozen importlib._bootstrap_external>", line 995, in exec_module
  File "<frozen importlib._bootstrap>", line 488, in _call_with_frames_removed
  File "/opt/airflow/dags/etl_dag copy.py", line 9, in <module>
    from database.db_utils import create_database
  File "/opt/airflow/database/db_utils.py", line 7, in <module>
    from sql_queries import create_table_queries, drop_table_queries
ModuleNotFoundError: No module named 'sql_queries'
[2025-02-09T12:01:20.717+0000] {processor.py:842} WARNING - No viable dags retrieved from /opt/airflow/dags/etl_dag copy.py
[2025-02-09T12:01:20.734+0000] {processor.py:183} INFO - Processing /opt/airflow/dags/etl_dag copy.py took 0.045 seconds
[2025-02-09T12:01:51.011+0000] {processor.py:161} INFO - Started process (PID=551) to work on /opt/airflow/dags/etl_dag copy.py
[2025-02-09T12:01:51.012+0000] {processor.py:830} INFO - Processing file /opt/airflow/dags/etl_dag copy.py for tasks to queue
[2025-02-09T12:01:51.014+0000] {logging_mixin.py:188} INFO - [2025-02-09T12:01:51.013+0000] {dagbag.py:540} INFO - Filling up the DagBag from /opt/airflow/dags/etl_dag copy.py
[2025-02-09T12:01:51.045+0000] {logging_mixin.py:188} INFO - [2025-02-09T12:01:51.041+0000] {dagbag.py:350} ERROR - Failed to import: /opt/airflow/dags/etl_dag copy.py
Traceback (most recent call last):
  File "/home/airflow/.local/lib/python3.12/site-packages/airflow/models/dagbag.py", line 346, in parse
    loader.exec_module(new_module)
  File "<frozen importlib._bootstrap_external>", line 995, in exec_module
  File "<frozen importlib._bootstrap>", line 488, in _call_with_frames_removed
  File "/opt/airflow/dags/etl_dag copy.py", line 9, in <module>
    from database.db_utils import create_database
  File "/opt/airflow/database/db_utils.py", line 7, in <module>
    from sql_queries import create_table_queries, drop_table_queries
ModuleNotFoundError: No module named 'sql_queries'
[2025-02-09T12:01:51.046+0000] {processor.py:842} WARNING - No viable dags retrieved from /opt/airflow/dags/etl_dag copy.py
[2025-02-09T12:01:51.061+0000] {processor.py:183} INFO - Processing /opt/airflow/dags/etl_dag copy.py took 0.053 seconds
