[2025-02-09T02:37:04.579+0000] {local_task_job_runner.py:120} INFO - ::group::Pre task execution logs
[2025-02-09T02:37:04.612+0000] {taskinstance.py:2073} INFO - Dependencies all met for dep_context=non-requeueable deps ti=<TaskInstance: etl_MusicStreamPipeline.MusicStream_load_artist scheduled__2025-02-08T00:00:00+00:00 [queued]>
[2025-02-09T02:37:04.622+0000] {taskinstance.py:2073} INFO - Dependencies all met for dep_context=requeueable deps ti=<TaskInstance: etl_MusicStreamPipeline.MusicStream_load_artist scheduled__2025-02-08T00:00:00+00:00 [queued]>
[2025-02-09T02:37:04.623+0000] {taskinstance.py:2303} INFO - Starting attempt 1 of 1
[2025-02-09T02:37:04.639+0000] {taskinstance.py:2327} INFO - Executing <Task(PythonOperator): MusicStream_load_artist> on 2025-02-08 00:00:00+00:00
[2025-02-09T02:37:04.650+0000] {standard_task_runner.py:90} INFO - Running: ['***', 'tasks', 'run', 'etl_MusicStreamPipeline', 'MusicStream_load_artist', 'scheduled__2025-02-08T00:00:00+00:00', '--job-id', '343', '--raw', '--subdir', 'DAGS_FOLDER/etl_dag.py', '--cfg-path', '/tmp/tmpqmq2pdvb']
[2025-02-09T02:37:04.653+0000] {standard_task_runner.py:91} INFO - Job 343: Subtask MusicStream_load_artist
[2025-02-09T02:37:04.654+0000] {logging_mixin.py:188} WARNING - /home/***/.local/lib/python3.12/site-packages/***/task/task_runner/standard_task_runner.py:61 DeprecationWarning: This process (pid=188) is multi-threaded, use of fork() may lead to deadlocks in the child.
[2025-02-09T02:37:04.655+0000] {standard_task_runner.py:63} INFO - Started process 193 to run task
[2025-02-09T02:37:04.715+0000] {task_command.py:426} INFO - Running <TaskInstance: etl_MusicStreamPipeline.MusicStream_load_artist scheduled__2025-02-08T00:00:00+00:00 [running]> on host 35ef1ca6714b
[2025-02-09T02:37:04.815+0000] {taskinstance.py:2644} INFO - Exporting env vars: AIRFLOW_CTX_DAG_OWNER='Le Huynh Thanh Duong' AIRFLOW_CTX_DAG_ID='etl_MusicStreamPipeline' AIRFLOW_CTX_TASK_ID='MusicStream_load_artist' AIRFLOW_CTX_EXECUTION_DATE='2025-02-08T00:00:00+00:00' AIRFLOW_CTX_TRY_NUMBER='1' AIRFLOW_CTX_DAG_RUN_ID='scheduled__2025-02-08T00:00:00+00:00'
[2025-02-09T02:37:04.817+0000] {taskinstance.py:430} INFO - ::endgroup::
[2025-02-09T02:37:04.900+0000] {taskinstance.py:441} INFO - ::group::Post task execution logs
[2025-02-09T02:37:04.901+0000] {taskinstance.py:2890} ERROR - Task failed with exception
Traceback (most recent call last):
  File "/home/airflow/.local/lib/python3.12/site-packages/airflow/models/taskinstance.py", line 465, in _execute_task
    result = _execute_callable(context=context, **execute_callable_kwargs)
             ^^^^^^^^^^^^^^^^^^^^^^^^^^^^^^^^^^^^^^^^^^^^^^^^^^^^^^^^^^^^^
  File "/home/airflow/.local/lib/python3.12/site-packages/airflow/models/taskinstance.py", line 432, in _execute_callable
    return execute_callable(context=context, **execute_callable_kwargs)
           ^^^^^^^^^^^^^^^^^^^^^^^^^^^^^^^^^^^^^^^^^^^^^^^^^^^^^^^^^^^^
  File "/home/airflow/.local/lib/python3.12/site-packages/airflow/models/baseoperator.py", line 400, in wrapper
    return func(self, *args, **kwargs)
           ^^^^^^^^^^^^^^^^^^^^^^^^^^^
  File "/home/airflow/.local/lib/python3.12/site-packages/airflow/operators/python.py", line 235, in execute
    return_value = self.execute_callable()
                   ^^^^^^^^^^^^^^^^^^^^^^^
  File "/home/airflow/.local/lib/python3.12/site-packages/airflow/operators/python.py", line 252, in execute_callable
    return self.python_callable(*self.op_args, **self.op_kwargs)
           ^^^^^^^^^^^^^^^^^^^^^^^^^^^^^^^^^^^^^^^^^^^^^^^^^^^^^
  File "/opt/airflow/etls/load.py", line 35, in load_dim_artists
    cur.execute("DELETE FROM dim_artists")
psycopg2.errors.ForeignKeyViolation: update or delete on table "dim_artists" violates foreign key constraint "dim_songs_artist_key_fkey" on table "dim_songs"
DETAIL:  Key (artist_key)=(157) is still referenced from table "dim_songs".

[2025-02-09T02:37:04.917+0000] {taskinstance.py:1205} INFO - Marking task as FAILED. dag_id=etl_MusicStreamPipeline, task_id=MusicStream_load_artist, execution_date=20250208T000000, start_date=20250209T023704, end_date=20250209T023704
[2025-02-09T02:37:04.935+0000] {standard_task_runner.py:110} ERROR - Failed to execute job 343 for task MusicStream_load_artist (update or delete on table "dim_artists" violates foreign key constraint "dim_songs_artist_key_fkey" on table "dim_songs"
DETAIL:  Key (artist_key)=(157) is still referenced from table "dim_songs".
; 193)
[2025-02-09T02:37:04.954+0000] {local_task_job_runner.py:240} INFO - Task exited with return code 1
[2025-02-09T02:37:04.988+0000] {taskinstance.py:3482} INFO - 0 downstream tasks scheduled from follow-on schedule check
[2025-02-09T02:37:04.994+0000] {local_task_job_runner.py:222} INFO - ::endgroup::
