[2025-02-08T12:26:09.103+0000] {local_task_job_runner.py:120} INFO - ::group::Pre task execution logs
[2025-02-08T12:26:09.128+0000] {taskinstance.py:2073} INFO - Dependencies all met for dep_context=non-requeueable deps ti=<TaskInstance: etl_MusicStreamPipeline.MusicStream_load_time manual__2025-02-08T12:26:06.739417+00:00 [queued]>
[2025-02-08T12:26:09.138+0000] {taskinstance.py:2073} INFO - Dependencies all met for dep_context=requeueable deps ti=<TaskInstance: etl_MusicStreamPipeline.MusicStream_load_time manual__2025-02-08T12:26:06.739417+00:00 [queued]>
[2025-02-08T12:26:09.139+0000] {taskinstance.py:2303} INFO - Starting attempt 1 of 1
[2025-02-08T12:26:09.269+0000] {taskinstance.py:2327} INFO - Executing <Task(PythonOperator): MusicStream_load_time> on 2025-02-08 12:26:06.739417+00:00
[2025-02-08T12:26:09.275+0000] {standard_task_runner.py:90} INFO - Running: ['***', 'tasks', 'run', 'etl_MusicStreamPipeline', 'MusicStream_load_time', 'manual__2025-02-08T12:26:06.739417+00:00', '--job-id', '161', '--raw', '--subdir', 'DAGS_FOLDER/etl_dag.py', '--cfg-path', '/tmp/tmp7irhly18']
[2025-02-08T12:26:09.278+0000] {standard_task_runner.py:91} INFO - Job 161: Subtask MusicStream_load_time
[2025-02-08T12:26:09.278+0000] {logging_mixin.py:188} WARNING - /home/***/.local/lib/python3.12/site-packages/***/task/task_runner/standard_task_runner.py:61 DeprecationWarning: This process (pid=251) is multi-threaded, use of fork() may lead to deadlocks in the child.
[2025-02-08T12:26:09.278+0000] {standard_task_runner.py:63} INFO - Started process 253 to run task
[2025-02-08T12:26:09.324+0000] {task_command.py:426} INFO - Running <TaskInstance: etl_MusicStreamPipeline.MusicStream_load_time manual__2025-02-08T12:26:06.739417+00:00 [running]> on host 35ef1ca6714b
[2025-02-08T12:26:09.390+0000] {taskinstance.py:2644} INFO - Exporting env vars: AIRFLOW_CTX_DAG_OWNER='Le Huynh Thanh Duong' AIRFLOW_CTX_DAG_ID='etl_MusicStreamPipeline' AIRFLOW_CTX_TASK_ID='MusicStream_load_time' AIRFLOW_CTX_EXECUTION_DATE='2025-02-08T12:26:06.739417+00:00' AIRFLOW_CTX_TRY_NUMBER='1' AIRFLOW_CTX_DAG_RUN_ID='manual__2025-02-08T12:26:06.739417+00:00'
[2025-02-08T12:26:09.392+0000] {taskinstance.py:430} INFO - ::endgroup::
[2025-02-08T12:26:09.453+0000] {taskinstance.py:441} INFO - ::group::Post task execution logs
[2025-02-08T12:26:09.453+0000] {taskinstance.py:2890} ERROR - Task failed with exception
Traceback (most recent call last):
  File "/home/airflow/.local/lib/python3.12/site-packages/airflow/models/taskinstance.py", line 465, in _execute_task
    result = _execute_callable(context=context, **execute_callable_kwargs)
             ^^^^^^^^^^^^^^^^^^^^^^^^^^^^^^^^^^^^^^^^^^^^^^^^^^^^^^^^^^^^^
  File "/home/airflow/.local/lib/python3.12/site-packages/airflow/models/taskinstance.py", line 432, in _execute_callable
    return execute_callable(context=context, **execute_callable_kwargs)
           ^^^^^^^^^^^^^^^^^^^^^^^^^^^^^^^^^^^^^^^^^^^^^^^^^^^^^^^^^^^^
  File "/home/airflow/.local/lib/python3.12/site-packages/airflow/models/baseoperator.py", line 400, in wrapper
    return func(self, *args, **kwargs)
           ^^^^^^^^^^^^^^^^^^^^^^^^^^^
  File "/home/airflow/.local/lib/python3.12/site-packages/airflow/operators/python.py", line 235, in execute
    return_value = self.execute_callable()
                   ^^^^^^^^^^^^^^^^^^^^^^^
  File "/home/airflow/.local/lib/python3.12/site-packages/airflow/operators/python.py", line 252, in execute_callable
    return self.python_callable(*self.op_args, **self.op_kwargs)
           ^^^^^^^^^^^^^^^^^^^^^^^^^^^^^^^^^^^^^^^^^^^^^^^^^^^^^
  File "/opt/airflow/etls/load.py", line 16, in load_dim_Time
    cur.execute(time_table_drop)
psycopg2.errors.DependentObjectsStillExist: cannot drop table dim_time because other objects depend on it
DETAIL:  constraint fact_songplays_day_key_fkey on table fact_songplays depends on table dim_time
HINT:  Use DROP ... CASCADE to drop the dependent objects too.

[2025-02-08T12:26:09.467+0000] {taskinstance.py:1205} INFO - Marking task as FAILED. dag_id=etl_MusicStreamPipeline, task_id=MusicStream_load_time, execution_date=20250208T122606, start_date=20250208T122609, end_date=20250208T122609
[2025-02-08T12:26:09.483+0000] {standard_task_runner.py:110} ERROR - Failed to execute job 161 for task MusicStream_load_time (cannot drop table dim_time because other objects depend on it
DETAIL:  constraint fact_songplays_day_key_fkey on table fact_songplays depends on table dim_time
HINT:  Use DROP ... CASCADE to drop the dependent objects too.
; 253)
[2025-02-08T12:26:09.494+0000] {local_task_job_runner.py:240} INFO - Task exited with return code 1
[2025-02-08T12:26:09.513+0000] {taskinstance.py:3482} INFO - 0 downstream tasks scheduled from follow-on schedule check
[2025-02-08T12:26:09.516+0000] {local_task_job_runner.py:222} INFO - ::endgroup::
