[2025-02-08T12:56:52.228+0000] {local_task_job_runner.py:120} INFO - ::group::Pre task execution logs
[2025-02-08T12:56:52.261+0000] {taskinstance.py:2073} INFO - Dependencies all met for dep_context=non-requeueable deps ti=<TaskInstance: etl_MusicStreamPipeline.MusicStream_transformation_log manual__2025-02-08T12:56:48.900580+00:00 [queued]>
[2025-02-08T12:56:52.423+0000] {taskinstance.py:2073} INFO - Dependencies all met for dep_context=requeueable deps ti=<TaskInstance: etl_MusicStreamPipeline.MusicStream_transformation_log manual__2025-02-08T12:56:48.900580+00:00 [queued]>
[2025-02-08T12:56:52.424+0000] {taskinstance.py:2303} INFO - Starting attempt 1 of 1
[2025-02-08T12:56:52.436+0000] {taskinstance.py:2327} INFO - Executing <Task(PythonOperator): MusicStream_transformation_log> on 2025-02-08 12:56:48.900580+00:00
[2025-02-08T12:56:52.446+0000] {logging_mixin.py:188} WARNING - /home/***/.local/lib/python3.12/site-packages/***/task/task_runner/standard_task_runner.py:61 DeprecationWarning: This process (pid=707) is multi-threaded, use of fork() may lead to deadlocks in the child.
[2025-02-08T12:56:52.448+0000] {standard_task_runner.py:63} INFO - Started process 712 to run task
[2025-02-08T12:56:52.447+0000] {standard_task_runner.py:90} INFO - Running: ['***', 'tasks', 'run', 'etl_MusicStreamPipeline', 'MusicStream_transformation_log', 'manual__2025-02-08T12:56:48.900580+00:00', '--job-id', '187', '--raw', '--subdir', 'DAGS_FOLDER/etl_dag.py', '--cfg-path', '/tmp/tmpxnrnxtpp']
[2025-02-08T12:56:52.450+0000] {standard_task_runner.py:91} INFO - Job 187: Subtask MusicStream_transformation_log
[2025-02-08T12:56:52.508+0000] {task_command.py:426} INFO - Running <TaskInstance: etl_MusicStreamPipeline.MusicStream_transformation_log manual__2025-02-08T12:56:48.900580+00:00 [running]> on host 35ef1ca6714b
[2025-02-08T12:56:52.598+0000] {taskinstance.py:2644} INFO - Exporting env vars: AIRFLOW_CTX_DAG_OWNER='Le Huynh Thanh Duong' AIRFLOW_CTX_DAG_ID='etl_MusicStreamPipeline' AIRFLOW_CTX_TASK_ID='MusicStream_transformation_log' AIRFLOW_CTX_EXECUTION_DATE='2025-02-08T12:56:48.900580+00:00' AIRFLOW_CTX_TRY_NUMBER='1' AIRFLOW_CTX_DAG_RUN_ID='manual__2025-02-08T12:56:48.900580+00:00'
[2025-02-08T12:56:52.600+0000] {taskinstance.py:430} INFO - ::endgroup::
[2025-02-08T12:56:52.674+0000] {taskinstance.py:441} INFO - ::group::Post task execution logs
[2025-02-08T12:56:52.675+0000] {taskinstance.py:2890} ERROR - Task failed with exception
Traceback (most recent call last):
  File "/home/airflow/.local/lib/python3.12/site-packages/airflow/models/taskinstance.py", line 465, in _execute_task
    result = _execute_callable(context=context, **execute_callable_kwargs)
             ^^^^^^^^^^^^^^^^^^^^^^^^^^^^^^^^^^^^^^^^^^^^^^^^^^^^^^^^^^^^^
  File "/home/airflow/.local/lib/python3.12/site-packages/airflow/models/taskinstance.py", line 432, in _execute_callable
    return execute_callable(context=context, **execute_callable_kwargs)
           ^^^^^^^^^^^^^^^^^^^^^^^^^^^^^^^^^^^^^^^^^^^^^^^^^^^^^^^^^^^^
  File "/home/airflow/.local/lib/python3.12/site-packages/airflow/models/baseoperator.py", line 400, in wrapper
    return func(self, *args, **kwargs)
           ^^^^^^^^^^^^^^^^^^^^^^^^^^^
  File "/home/airflow/.local/lib/python3.12/site-packages/airflow/operators/python.py", line 235, in execute
    return_value = self.execute_callable()
                   ^^^^^^^^^^^^^^^^^^^^^^^
  File "/home/airflow/.local/lib/python3.12/site-packages/airflow/operators/python.py", line 252, in execute_callable
    return self.python_callable(*self.op_args, **self.op_kwargs)
           ^^^^^^^^^^^^^^^^^^^^^^^^^^^^^^^^^^^^^^^^^^^^^^^^^^^^^
  File "/opt/airflow/etls/transform.py", line 35, in process_log
    os.remove(stg_user_path)
PermissionError: [Errno 13] Permission denied: './data/processed/stg_user.csv'
[2025-02-08T12:56:52.684+0000] {taskinstance.py:1205} INFO - Marking task as FAILED. dag_id=etl_MusicStreamPipeline, task_id=MusicStream_transformation_log, execution_date=20250208T125648, start_date=20250208T125652, end_date=20250208T125652
[2025-02-08T12:56:52.695+0000] {standard_task_runner.py:110} ERROR - Failed to execute job 187 for task MusicStream_transformation_log ([Errno 13] Permission denied: './data/processed/stg_user.csv'; 712)
[2025-02-08T12:56:52.703+0000] {local_task_job_runner.py:240} INFO - Task exited with return code 1
[2025-02-08T12:56:52.721+0000] {taskinstance.py:3482} INFO - 0 downstream tasks scheduled from follow-on schedule check
[2025-02-08T12:56:52.725+0000] {local_task_job_runner.py:222} INFO - ::endgroup::
